#
# There is insufficient memory for the Java Runtime Environment to continue.
# Native memory allocation (malloc) failed to allocate 1048576 bytes. Error detail: AllocateHeap
# Possible reasons:
#   The system is out of physical RAM or swap space
#   This process is running with CompressedOops enabled, and the Java Heap may be blocking the growth of the native heap
# Possible solutions:
#   Reduce memory load on the system
#   Increase physical memory or swap space
#   Check if swap backing store is full
#   Decrease Java heap size (-Xmx/-Xms)
#   Decrease number of Java threads
#   Decrease Java thread stack sizes (-Xss)
#   Set larger code cache with -XX:ReservedCodeCacheSize=
#   JVM is running with Unscaled Compressed Oops mode in which the Java heap is
#     placed in the first 4GB address space. The Java Heap base address is the
#     maximum limit for the native heap growth. Please use -XX:HeapBaseMinAddress
#     to set the Java Heap base and to place the Java Heap above 4GB virtual address.
# This output file may be truncated or incomplete.
#
#  Out of Memory Error (allocation.cpp:44), pid=18624, tid=9696
#
# JRE version: OpenJDK Runtime Environment Temurin-21.0.9+10 (21.0.9+10) (build 21.0.9+10-LTS)
# Java VM: OpenJDK 64-Bit Server VM Temurin-21.0.9+10 (21.0.9+10-LTS, mixed mode, sharing, tiered, compressed oops, compressed class ptrs, parallel gc, windows-amd64)
# No core dump will be written. Minidumps are not enabled by default on client versions of Windows
#

---------------  S U M M A R Y ------------

Command Line: --add-modules=ALL-SYSTEM --add-opens=java.base/java.util=ALL-UNNAMED --add-opens=java.base/java.lang=ALL-UNNAMED --add-opens=java.base/sun.nio.fs=ALL-UNNAMED -Declipse.application=org.eclipse.jdt.ls.core.id1 -Dosgi.bundles.defaultStartLevel=4 -Declipse.product=org.eclipse.jdt.ls.core.product -Djava.import.generatesMetadataFilesAtProjectRoot=false -DDetectVMInstallationsJob.disabled=true -Dfile.encoding=utf8 -XX:+UseParallelGC -XX:GCTimeRatio=4 -XX:AdaptiveSizePolicyWeight=90 -Dsun.zip.disableMemoryMapping=true -Xmx2G -Xms100m -Xlog:disable -javaagent:c:\Users\alumne-DAM\.vscode\extensions\redhat.java-1.50.0-win32-x64\lombok\lombok-1.18.39-4050.jar -XX:+HeapDumpOnOutOfMemoryError -XX:HeapDumpPath=c:\Users\alumne-DAM\AppData\Roaming\Code\User\workspaceStorage\c4a14e446006deb12c7bf8cf97e42a9b\redhat.java -Daether.dependencyCollector.impl=bf c:\Users\alumne-DAM\.vscode\extensions\redhat.java-1.50.0-win32-x64\server\plugins\org.eclipse.equinox.launcher_1.7.100.v20251111-0406.jar -configuration c:\Users\alumne-DAM\AppData\Roaming\Code\User\globalStorage\redhat.java\1.50.0\config_win -data c:\Users\alumne-DAM\AppData\Roaming\Code\User\workspaceStorage\c4a14e446006deb12c7bf8cf97e42a9b\redhat.java\jdt_ws --pipe=\\.\pipe\lsp-863ab131dbcbea8b2c67f711a0829c06-sock

Host: 11th Gen Intel(R) Core(TM) i5-11400 @ 2.60GHz, 12 cores, 15G,  Windows 11 , 64 bit Build 26100 (10.0.26100.7019)
Time: Fri Nov 28 20:00:43 2025 Hora estándar romance elapsed time: 1270.358244 seconds (0d 0h 21m 10s)

---------------  T H R E A D  ---------------

Current thread (0x0000011b74008bf0):  JavaThread "Attach Listener" daemon [_thread_in_vm, id=9696, stack(0x0000000430b00000,0x0000000430c00000) (1024K)]

Stack: [0x0000000430b00000,0x0000000430c00000]
Native frames: (J=compiled Java code, j=interpreted, Vv=VM code, C=native code)
V  [jvm.dll+0x6d6e29]
V  [jvm.dll+0x8b4b76]
V  [jvm.dll+0x8b712e]
V  [jvm.dll+0x8b7813]
V  [jvm.dll+0x283d86]
V  [jvm.dll+0xc1277]
V  [jvm.dll+0x6d76d9]
V  [jvm.dll+0x133466]
V  [jvm.dll+0x3f7ea6]
V  [jvm.dll+0x85e9ad]
V  [jvm.dll+0x6d565d]
C  [ucrtbase.dll+0x37b0]
C  [KERNEL32.DLL+0x2e8d7]
C  [ntdll.dll+0x8c53c]


---------------  P R O C E S S  ---------------

Threads class SMR info:
_java_thread_list=0x0000011b782fc970, length=60, elements={
0x0000011b551b7020, 0x0000011b740044b0, 0x0000011b6e00e770, 0x0000011b74007fa0,
0x0000011b74008bf0, 0x0000011b7400ce80, 0x0000011b74016300, 0x0000011b74024300,
0x0000011b74029900, 0x0000011b74014f50, 0x0000011b74015c70, 0x0000011b740155e0,
0x0000011b740148c0, 0x0000011b74016990, 0x0000011b74013510, 0x0000011b74013ba0,
0x0000011b74014230, 0x0000011b755c8940, 0x0000011b755c82b0, 0x0000011b755c9cf0,
0x0000011b755c7590, 0x0000011b755cb0a0, 0x0000011b755c7c20, 0x0000011b755cde90,
0x0000011b755ce520, 0x0000011b755cebb0, 0x0000011b755cc450, 0x0000011b755cbdc0,
0x0000011b755cd170, 0x0000011b755cb730, 0x0000011b755cd800, 0x0000011b755ccae0,
0x0000011b77c95d60, 0x0000011b77c949b0, 0x0000011b77c93600, 0x0000011b77c95040,
0x0000011b77c956d0, 0x0000011b790ffea0, 0x0000011b79954bc0, 0x0000011b79956600,
0x0000011b79956c90, 0x0000011b77c96a80, 0x0000011b77c97110, 0x0000011b77c97e30,
0x0000011b77c984c0, 0x0000011b77c98b50, 0x0000011b77c991e0, 0x0000011b7995ae30,
0x0000011b7995bb50, 0x0000011b755c9660, 0x0000011b77c93c90, 0x0000011b76b51f40,
0x0000011b76b54010, 0x0000011b76b560e0, 0x0000011b76b553c0, 0x0000011b77bfb2e0,
0x0000011b77bf8b80, 0x0000011b77bf9210, 0x0000011b755ca380, 0x0000011b7995a110
}

Java Threads: ( => current thread )
  0x0000011b551b7020 JavaThread "main"                              [_thread_blocked, id=21476, stack(0x0000000430400000,0x0000000430500000) (1024K)]
  0x0000011b740044b0 JavaThread "Reference Handler"          daemon [_thread_blocked, id=16796, stack(0x0000000430800000,0x0000000430900000) (1024K)]
  0x0000011b6e00e770 JavaThread "Finalizer"                  daemon [_thread_blocked, id=10892, stack(0x0000000430900000,0x0000000430a00000) (1024K)]
  0x0000011b74007fa0 JavaThread "Signal Dispatcher"          daemon [_thread_blocked, id=20528, stack(0x0000000430a00000,0x0000000430b00000) (1024K)]
=>0x0000011b74008bf0 JavaThread "Attach Listener"            daemon [_thread_in_vm, id=9696, stack(0x0000000430b00000,0x0000000430c00000) (1024K)]
  0x0000011b7400ce80 JavaThread "Service Thread"             daemon [_thread_blocked, id=9284, stack(0x0000000430c00000,0x0000000430d00000) (1024K)]
  0x0000011b74016300 JavaThread "Monitor Deflation Thread"   daemon [_thread_blocked, id=19124, stack(0x0000000430d00000,0x0000000430e00000) (1024K)]
  0x0000011b74024300 JavaThread "C2 CompilerThread0"         daemon [_thread_blocked, id=9200, stack(0x0000000430e00000,0x0000000430f00000) (1024K)]
  0x0000011b74029900 JavaThread "C1 CompilerThread0"         daemon [_thread_blocked, id=14444, stack(0x0000000430f00000,0x0000000431000000) (1024K)]
  0x0000011b74014f50 JavaThread "Common-Cleaner"             daemon [_thread_blocked, id=19500, stack(0x0000000431100000,0x0000000431200000) (1024K)]
  0x0000011b74015c70 JavaThread "Notification Thread"        daemon [_thread_blocked, id=8380, stack(0x0000000431200000,0x0000000431300000) (1024K)]
  0x0000011b740155e0 JavaThread "Active Thread: Equinox Container: 0d17920a-f0f7-4ebc-93ae-0f3b3354a570"        [_thread_blocked, id=13992, stack(0x0000000431a00000,0x0000000431b00000) (1024K)]
  0x0000011b740148c0 JavaThread "Refresh Thread: Equinox Container: 0d17920a-f0f7-4ebc-93ae-0f3b3354a570" daemon [_thread_blocked, id=20704, stack(0x0000000431b00000,0x0000000431c00000) (1024K)]
  0x0000011b74016990 JavaThread "Framework Event Dispatcher: Equinox Container: 0d17920a-f0f7-4ebc-93ae-0f3b3354a570" daemon [_thread_blocked, id=12752, stack(0x0000000431d00000,0x0000000431e00000) (1024K)]
  0x0000011b74013510 JavaThread "Start Level: Equinox Container: 0d17920a-f0f7-4ebc-93ae-0f3b3354a570" daemon [_thread_blocked, id=19832, stack(0x0000000431e00000,0x0000000431f00000) (1024K)]
  0x0000011b74013ba0 JavaThread "Bundle File Closer"         daemon [_thread_blocked, id=20088, stack(0x0000000432100000,0x0000000432200000) (1024K)]
  0x0000011b74014230 JavaThread "SCR Component Actor"        daemon [_thread_blocked, id=19940, stack(0x0000000432200000,0x0000000432300000) (1024K)]
  0x0000011b755c8940 JavaThread "Worker-JM"                         [_thread_blocked, id=1436, stack(0x0000000432300000,0x0000000432400000) (1024K)]
  0x0000011b755c82b0 JavaThread "JNA Cleaner"                daemon [_thread_blocked, id=19736, stack(0x0000000431000000,0x0000000431100000) (1024K)]
  0x0000011b755c9cf0 JavaThread "Java indexing"              daemon [_thread_blocked, id=11376, stack(0x0000000432700000,0x0000000432800000) (1024K)]
  0x0000011b755c7590 JavaThread "Thread-1"                   daemon [_thread_in_native, id=9540, stack(0x0000000432d00000,0x0000000432e00000) (1024K)]
  0x0000011b755cb0a0 JavaThread "Thread-2"                   daemon [_thread_in_native, id=14044, stack(0x0000000432e00000,0x0000000432f00000) (1024K)]
  0x0000011b755c7c20 JavaThread "Thread-3"                   daemon [_thread_in_native, id=8172, stack(0x0000000432f00000,0x0000000433000000) (1024K)]
  0x0000011b755cde90 JavaThread "Thread-4"                   daemon [_thread_in_native, id=7908, stack(0x0000000433000000,0x0000000433100000) (1024K)]
  0x0000011b755ce520 JavaThread "Thread-5"                   daemon [_thread_in_native, id=10180, stack(0x0000000433100000,0x0000000433200000) (1024K)]
  0x0000011b755cebb0 JavaThread "Thread-6"                   daemon [_thread_in_native, id=9592, stack(0x0000000433200000,0x0000000433300000) (1024K)]
  0x0000011b755cc450 JavaThread "Thread-7"                   daemon [_thread_in_native, id=20792, stack(0x0000000433300000,0x0000000433400000) (1024K)]
  0x0000011b755cbdc0 JavaThread "Thread-8"                   daemon [_thread_in_native, id=20184, stack(0x0000000433400000,0x0000000433500000) (1024K)]
  0x0000011b755cd170 JavaThread "Thread-9"                   daemon [_thread_in_native, id=17440, stack(0x0000000433500000,0x0000000433600000) (1024K)]
  0x0000011b755cb730 JavaThread "Thread-10"                  daemon [_thread_in_native, id=15288, stack(0x0000000433600000,0x0000000433700000) (1024K)]
  0x0000011b755cd800 JavaThread "Thread-11"                  daemon [_thread_in_native, id=3340, stack(0x0000000433700000,0x0000000433800000) (1024K)]
  0x0000011b755ccae0 JavaThread "Thread-12"                  daemon [_thread_in_native, id=11168, stack(0x0000000433800000,0x0000000433900000) (1024K)]
  0x0000011b77c95d60 JavaThread "Thread-13"                  daemon [_thread_in_native, id=9976, stack(0x0000000433900000,0x0000000433a00000) (1024K)]
  0x0000011b77c949b0 JavaThread "pool-2-thread-1"                   [_thread_blocked, id=8136, stack(0x0000000433a00000,0x0000000433b00000) (1024K)]
  0x0000011b77c93600 JavaThread "WorkspaceEventsHandler"            [_thread_blocked, id=9232, stack(0x0000000433b00000,0x0000000433c00000) (1024K)]
  0x0000011b77c95040 JavaThread "pool-1-thread-1"                   [_thread_blocked, id=18396, stack(0x0000000433c00000,0x0000000433d00000) (1024K)]
  0x0000011b77c956d0 JavaThread "Worker-4"                          [_thread_blocked, id=16832, stack(0x0000000433d00000,0x0000000433e00000) (1024K)]
  0x0000011b790ffea0 JavaThread "Cleaner-0"                  daemon [_thread_blocked, id=20956, stack(0x0000000434900000,0x0000000434a00000) (1024K)]
  0x0000011b79954bc0 JavaThread "Java Debug Server"          daemon [_thread_in_native, id=19208, stack(0x0000000432500000,0x0000000432600000) (1024K)]
  0x0000011b79956600 JavaThread "RxSchedulerPurge-1"         daemon [_thread_blocked, id=13112, stack(0x0000000434800000,0x0000000434900000) (1024K)]
  0x0000011b79956c90 JavaThread "RxCachedWorkerPoolEvictor-1" daemon [_thread_blocked, id=16660, stack(0x0000000434a00000,0x0000000434b00000) (1024K)]
  0x0000011b77c96a80 JavaThread "ForkJoinPool.commonPool-worker-13" daemon [_thread_blocked, id=14236, stack(0x0000000430100000,0x0000000430200000) (1024K)]
  0x0000011b77c97110 JavaThread "ForkJoinPool.commonPool-worker-14" daemon [_thread_blocked, id=19448, stack(0x0000000430300000,0x0000000430400000) (1024K)]
  0x0000011b77c97e30 JavaThread "Compiler Source File Reader" daemon [_thread_blocked, id=17536, stack(0x0000000432600000,0x0000000432700000) (1024K)]
  0x0000011b77c984c0 JavaThread "Compiler Source File Reader" daemon [_thread_blocked, id=18588, stack(0x0000000432a00000,0x0000000432b00000) (1024K)]
  0x0000011b77c98b50 JavaThread "Worker-5"                          [_thread_blocked, id=2252, stack(0x0000000432400000,0x0000000432500000) (1024K)]
  0x0000011b77c991e0 JavaThread "Compiler Source File Reader" daemon [_thread_blocked, id=15132, stack(0x0000000432c00000,0x0000000432d00000) (1024K)]
  0x0000011b7995ae30 JavaThread "Compiler Source File Reader" daemon [_thread_blocked, id=21296, stack(0x0000000433f00000,0x0000000434000000) (1024K)]
  0x0000011b7995bb50 JavaThread "Compiler Source File Reader" daemon [_thread_blocked, id=18664, stack(0x0000000434000000,0x0000000434100000) (1024K)]
  0x0000011b755c9660 JavaThread "Compiler Source File Reader" daemon [_thread_blocked, id=21128, stack(0x0000000432900000,0x0000000432a00000) (1024K)]
  0x0000011b77c93c90 JavaThread "Compiler Source File Reader" daemon [_thread_blocked, id=19700, stack(0x0000000432b00000,0x0000000432c00000) (1024K)]
  0x0000011b76b51f40 JavaThread "Compiler Source File Reader" daemon [_thread_blocked, id=10320, stack(0x0000000434200000,0x0000000434300000) (1024K)]
  0x0000011b76b54010 JavaThread "Compiler Source File Reader" daemon [_thread_blocked, id=7280, stack(0x0000000434100000,0x0000000434200000) (1024K)]
  0x0000011b76b560e0 JavaThread "Compiler Source File Reader" daemon [_thread_blocked, id=10828, stack(0x0000000434300000,0x0000000434400000) (1024K)]
  0x0000011b76b553c0 JavaThread "ForkJoinPool.commonPool-worker-15" daemon [_thread_blocked, id=14744, stack(0x0000000430200000,0x0000000430300000) (1024K)]
  0x0000011b77bfb2e0 JavaThread "pool-3-thread-5"                   [_thread_in_native, id=21096, stack(0x0000000434400000,0x0000000434500000) (1024K)]
  0x0000011b77bf8b80 JavaThread "process reaper (pid 19712)" daemon [_thread_in_native, id=3476, stack(0x000000042fde0000,0x000000042fe00000) (128K)]
  0x0000011b77bf9210 JavaThread "pool-3-thread-6"                   [_thread_blocked, id=13900, stack(0x0000000432800000,0x0000000432900000) (1024K)]
  0x0000011b755ca380 JavaThread "process reaper"             daemon [_thread_blocked, id=7568, stack(0x0000000434500000,0x0000000434520000) (128K)]
  0x0000011b7995a110 JavaThread "RxNewThreadScheduler-13"    daemon [_thread_blocked, id=2824, stack(0x0000000433e00000,0x0000000433f00000) (1024K)]
Total: 60

Other Threads:
  0x0000011b6dff2fb0 VMThread "VM Thread"                           [id=11864, stack(0x0000000430700000,0x0000000430800000) (1024K)]
  0x0000011b575ca610 WatcherThread "VM Periodic Task Thread"        [id=8924, stack(0x0000000430600000,0x0000000430700000) (1024K)]
  0x0000011b5757afd0 WorkerThread "GC Thread#0"                     [id=5960, stack(0x0000000430500000,0x0000000430600000) (1024K)]
  0x0000011b74987d50 WorkerThread "GC Thread#1"                     [id=5468, stack(0x0000000431400000,0x0000000431500000) (1024K)]
  0x0000011b749880f0 WorkerThread "GC Thread#2"                     [id=20516, stack(0x0000000431500000,0x0000000431600000) (1024K)]
  0x0000011b74987610 WorkerThread "GC Thread#3"                     [id=18704, stack(0x0000000431600000,0x0000000431700000) (1024K)]
  0x0000011b74988490 WorkerThread "GC Thread#4"                     [id=7784, stack(0x0000000431700000,0x0000000431800000) (1024K)]
  0x0000011b74988830 WorkerThread "GC Thread#5"                     [id=8872, stack(0x0000000431800000,0x0000000431900000) (1024K)]
  0x0000011b74986ed0 WorkerThread "GC Thread#6"                     [id=20980, stack(0x0000000431900000,0x0000000431a00000) (1024K)]
  0x0000011b74987270 WorkerThread "GC Thread#7"                     [id=10212, stack(0x0000000431c00000,0x0000000431d00000) (1024K)]
  0x0000011b750206c0 WorkerThread "GC Thread#8"                     [id=19852, stack(0x0000000431f00000,0x0000000432000000) (1024K)]
  0x0000011b75020320 WorkerThread "GC Thread#9"                     [id=17752, stack(0x0000000432000000,0x0000000432100000) (1024K)]
Total: 12

Threads with active compile tasks:
Total: 0

VM state: not at safepoint (normal execution)

VM Mutex/Monitor currently owned by a thread: None

Heap address: 0x0000000080000000, size: 2048 MB, Compressed Oops mode: 32-bit

CDS archive(s) mapped at: [0x0000011b00000000-0x0000011b00ba0000-0x0000011b00ba0000), size 12189696, SharedBaseAddress: 0x0000011b00000000, ArchiveRelocationMode: 1.
Compressed class space mapped at: 0x0000011b01000000-0x0000011b41000000, reserved size: 1073741824
Narrow klass base: 0x0000011b00000000, Narrow klass shift: 0, Narrow klass range: 0x100000000

GC Precious Log:
 CardTable entry size: 512
 CPUs: 12 total, 12 available
 Memory: 16181M
 Large Page Support: Disabled
 NUMA Support: Disabled
 Compressed Oops: Enabled (32-bit)
 Alignments: Space 512K, Generation 512K, Heap 2M
 Heap Min Capacity: 100M
 Heap Initial Capacity: 100M
 Heap Max Capacity: 2G
 Pre-touch: Disabled
 Parallel Workers: 10

Heap:
 PSYoungGen      total 2560K, used 2237K [0x00000000d5580000, 0x00000000d5900000, 0x0000000100000000)
  eden space 1536K, 100% used [0x00000000d5580000,0x00000000d5700000,0x00000000d5700000)
  from space 1024K, 68% used [0x00000000d5700000,0x00000000d57af760,0x00000000d5800000)
  to   space 1024K, 0% used [0x00000000d5800000,0x00000000d5800000,0x00000000d5900000)
 ParOldGen       total 379392K, used 338010K [0x0000000080000000, 0x0000000097280000, 0x00000000d5580000)
  object space 379392K, 89% used [0x0000000080000000,0x0000000094a16bf0,0x0000000097280000)
 Metaspace       used 78341K, committed 79872K, reserved 1179648K
  class space    used 7970K, committed 8640K, reserved 1048576K

Card table byte_map: [0x0000011b56f20000,0x0000011b57330000] _byte_map_base: 0x0000011b56b20000

Marking Bits: (ParMarkBitMap*) 0x00007ffe31882460
 Begin Bits: [0x0000011b69a10000, 0x0000011b6ba10000)
 End Bits:   [0x0000011b6ba10000, 0x0000011b6da10000)

Polling page: 0x0000011b553a0000

Metaspace:

Usage:
  Non-class:     68.72 MB used.
      Class:      7.78 MB used.
       Both:     76.51 MB used.

Virtual space:
  Non-class space:      128.00 MB reserved,      69.56 MB ( 54%) committed,  2 nodes.
      Class space:        1.00 GB reserved,       8.44 MB ( <1%) committed,  1 nodes.
             Both:        1.12 GB reserved,      78.00 MB (  7%) committed. 

Chunk freelists:
   Non-Class:  10.04 MB
       Class:  7.55 MB
        Both:  17.59 MB

MaxMetaspaceSize: unlimited
CompressedClassSpaceSize: 1.00 GB
Initial GC threshold: 21.00 MB
Current GC threshold: 126.50 MB
CDS: on
 - commit_granule_bytes: 65536.
 - commit_granule_words: 8192.
 - virtual_space_node_default_size: 8388608.
 - enlarge_chunks_in_place: 1.
 - use_allocation_guard: 0.


Internal statistics:

num_allocs_failed_limit: 9.
num_arena_births: 1420.
num_arena_deaths: 14.
num_vsnodes_births: 3.
num_vsnodes_deaths: 0.
num_space_committed: 1248.
num_space_uncommitted: 0.
num_chunks_returned_to_freelist: 23.
num_chunks_taken_from_freelist: 5162.
num_chunk_merges: 15.
num_chunk_splits: 3190.
num_chunks_enlarged: 1855.
num_inconsistent_stats: 0.

CodeHeap 'non-profiled nmethods': size=120000Kb used=17758Kb max_used=17758Kb free=102241Kb
 bounds [0x0000011b62230000, 0x0000011b63390000, 0x0000011b69760000]
CodeHeap 'profiled nmethods': size=120000Kb used=40905Kb max_used=40905Kb free=79094Kb
 bounds [0x0000011b5a760000, 0x0000011b5cf60000, 0x0000011b61c90000]
CodeHeap 'non-nmethods': size=5760Kb used=1501Kb max_used=1597Kb free=4258Kb
 bounds [0x0000011b61c90000, 0x0000011b61f00000, 0x0000011b62230000]
CodeCache: size=245760Kb, used=60164Kb, max_used=60260Kb, free=185593Kb
 total_blobs=17123, nmethods=16310, adapters=713, full_count=0
Compilation: enabled, stopped_count=0, restarted_count=0

Compilation events (20 events):
Event: 1268.975 Thread 0x0000011b74029900 17816       3       org.eclipse.core.internal.dtree.AbstractDataTreeNode::compareWith (364 bytes)
Event: 1268.975 Thread 0x0000011b74029900 nmethod 17816 0x0000011b5cf4b510 code [0x0000011b5cf4b880, 0x0000011b5cf4d8c0]
Event: 1268.975 Thread 0x0000011b74029900 17815       3       org.eclipse.core.internal.dtree.DataTreeNode::compareWith (74 bytes)
Event: 1268.976 Thread 0x0000011b74029900 nmethod 17815 0x0000011b5cf4e210 code [0x0000011b5cf4e400, 0x0000011b5cf4e970]
Event: 1268.976 Thread 0x0000011b74029900 17817       3       org.eclipse.core.internal.watson.ElementTreeIterator::doIteration (114 bytes)
Event: 1268.976 Thread 0x0000011b74029900 nmethod 17817 0x0000011b5cf4ec10 code [0x0000011b5cf4ee20, 0x0000011b5cf4f670]
Event: 1268.977 Thread 0x0000011b74029900 17818       3       com.sun.org.apache.xerces.internal.dom.DeferredDocumentImpl::getNodeName (7 bytes)
Event: 1268.977 Thread 0x0000011b74029900 nmethod 17818 0x0000011b5cf4f910 code [0x0000011b5cf4fac0, 0x0000011b5cf4fc20]
Event: 1268.977 Thread 0x0000011b74029900 17819       3       com.sun.org.apache.xerces.internal.dom.DeferredDocumentImpl::getNodeName (49 bytes)
Event: 1268.977 Thread 0x0000011b74029900 nmethod 17819 0x0000011b5cf4fd10 code [0x0000011b5cf4fee0, 0x0000011b5cf502d8]
Event: 1268.978 Thread 0x0000011b74029900 17820       3       sun.nio.fs.WindowsException::translateToIOException (109 bytes)
Event: 1268.978 Thread 0x0000011b74029900 nmethod 17820 0x0000011b5cf50490 code [0x0000011b5cf50760, 0x0000011b5cf51548]
Event: 1268.978 Thread 0x0000011b74029900 17821       3       java.nio.file.FileSystemException::<init> (16 bytes)
Event: 1268.978 Thread 0x0000011b74029900 nmethod 17821 0x0000011b5cf51a10 code [0x0000011b5cf51bc0, 0x0000011b5cf51e08]
Event: 1268.979 Thread 0x0000011b74024300 17822 %     4       org.eclipse.jdt.internal.core.JavaProject::filterLimitedModules @ 31 (179 bytes)
Event: 1268.988 Thread 0x0000011b74029900 17823       3       com.microsoft.java.debug.core.adapter.IDebugRequestHandler::initialize (1 bytes)
Event: 1268.988 Thread 0x0000011b74029900 nmethod 17823 0x0000011b5cf51f10 code [0x0000011b5cf520a0, 0x0000011b5cf521a8]
Event: 1269.023 Thread 0x0000011b74024300 nmethod 17822% 0x0000011b63382490 code [0x0000011b633829a0, 0x0000011b63385d38]
Event: 1269.083 Thread 0x0000011b74029900 17825       3       java.util.ImmutableCollections$Set12::size (16 bytes)
Event: 1269.084 Thread 0x0000011b74029900 nmethod 17825 0x0000011b5cf52210 code [0x0000011b5cf523c0, 0x0000011b5cf52550]

GC Heap History (20 events):
Event: 1261.221 GC heap before
{Heap before GC invocations=772 (full 4):
 PSYoungGen      total 2048K, used 1929K [0x00000000d5580000, 0x00000000d5880000, 0x0000000100000000)
  eden space 1536K, 100% used [0x00000000d5580000,0x00000000d5700000,0x00000000d5700000)
  from space 512K, 76% used [0x00000000d5780000,0x00000000d57e26c0,0x00000000d5800000)
  to   space 512K, 0% used [0x00000000d5800000,0x00000000d5800000,0x00000000d5880000)
 ParOldGen       total 379392K, used 336019K [0x0000000080000000, 0x0000000097280000, 0x00000000d5580000)
  object space 379392K, 88% used [0x0000000080000000,0x0000000094824dd0,0x0000000097280000)
 Metaspace       used 78318K, committed 79872K, reserved 1179648K
  class space    used 7970K, committed 8640K, reserved 1048576K
}
Event: 1261.222 GC heap after
{Heap after GC invocations=772 (full 4):
 PSYoungGen      total 2048K, used 160K [0x00000000d5580000, 0x00000000d5880000, 0x0000000100000000)
  eden space 1536K, 0% used [0x00000000d5580000,0x00000000d5580000,0x00000000d5700000)
  from space 512K, 31% used [0x00000000d5800000,0x00000000d5828000,0x00000000d5880000)
  to   space 512K, 0% used [0x00000000d5780000,0x00000000d5780000,0x00000000d5800000)
 ParOldGen       total 379392K, used 336229K [0x0000000080000000, 0x0000000097280000, 0x00000000d5580000)
  object space 379392K, 88% used [0x0000000080000000,0x0000000094859490,0x0000000097280000)
 Metaspace       used 78318K, committed 79872K, reserved 1179648K
  class space    used 7970K, committed 8640K, reserved 1048576K
}
Event: 1261.226 GC heap before
{Heap before GC invocations=773 (full 4):
 PSYoungGen      total 2048K, used 1696K [0x00000000d5580000, 0x00000000d5880000, 0x0000000100000000)
  eden space 1536K, 100% used [0x00000000d5580000,0x00000000d5700000,0x00000000d5700000)
  from space 512K, 31% used [0x00000000d5800000,0x00000000d5828000,0x00000000d5880000)
  to   space 512K, 0% used [0x00000000d5780000,0x00000000d5780000,0x00000000d5800000)
 ParOldGen       total 379392K, used 336229K [0x0000000080000000, 0x0000000097280000, 0x00000000d5580000)
  object space 379392K, 88% used [0x0000000080000000,0x0000000094859490,0x0000000097280000)
 Metaspace       used 78320K, committed 79872K, reserved 1179648K
  class space    used 7970K, committed 8640K, reserved 1048576K
}
Event: 1261.227 GC heap after
{Heap after GC invocations=773 (full 4):
 PSYoungGen      total 2048K, used 320K [0x00000000d5580000, 0x00000000d5880000, 0x0000000100000000)
  eden space 1536K, 0% used [0x00000000d5580000,0x00000000d5580000,0x00000000d5700000)
  from space 512K, 62% used [0x00000000d5780000,0x00000000d57d0000,0x00000000d5800000)
  to   space 512K, 0% used [0x00000000d5800000,0x00000000d5800000,0x00000000d5880000)
 ParOldGen       total 379392K, used 336277K [0x0000000080000000, 0x0000000097280000, 0x00000000d5580000)
  object space 379392K, 88% used [0x0000000080000000,0x0000000094865490,0x0000000097280000)
 Metaspace       used 78320K, committed 79872K, reserved 1179648K
  class space    used 7970K, committed 8640K, reserved 1048576K
}
Event: 1261.231 GC heap before
{Heap before GC invocations=774 (full 4):
 PSYoungGen      total 2048K, used 1855K [0x00000000d5580000, 0x00000000d5880000, 0x0000000100000000)
  eden space 1536K, 99% used [0x00000000d5580000,0x00000000d56ffff8,0x00000000d5700000)
  from space 512K, 62% used [0x00000000d5780000,0x00000000d57d0000,0x00000000d5800000)
  to   space 512K, 0% used [0x00000000d5800000,0x00000000d5800000,0x00000000d5880000)
 ParOldGen       total 379392K, used 336277K [0x0000000080000000, 0x0000000097280000, 0x00000000d5580000)
  object space 379392K, 88% used [0x0000000080000000,0x0000000094865490,0x0000000097280000)
 Metaspace       used 78320K, committed 79872K, reserved 1179648K
  class space    used 7970K, committed 8640K, reserved 1048576K
}
Event: 1261.232 GC heap after
{Heap after GC invocations=774 (full 4):
 PSYoungGen      total 2048K, used 256K [0x00000000d5580000, 0x00000000d5880000, 0x0000000100000000)
  eden space 1536K, 0% used [0x00000000d5580000,0x00000000d5580000,0x00000000d5700000)
  from space 512K, 50% used [0x00000000d5800000,0x00000000d5840000,0x00000000d5880000)
  to   space 512K, 0% used [0x00000000d5780000,0x00000000d5780000,0x00000000d5800000)
 ParOldGen       total 379392K, used 336325K [0x0000000080000000, 0x0000000097280000, 0x00000000d5580000)
  object space 379392K, 88% used [0x0000000080000000,0x0000000094871490,0x0000000097280000)
 Metaspace       used 78320K, committed 79872K, reserved 1179648K
  class space    used 7970K, committed 8640K, reserved 1048576K
}
Event: 1261.237 GC heap before
{Heap before GC invocations=775 (full 4):
 PSYoungGen      total 2048K, used 1792K [0x00000000d5580000, 0x00000000d5880000, 0x0000000100000000)
  eden space 1536K, 100% used [0x00000000d5580000,0x00000000d5700000,0x00000000d5700000)
  from space 512K, 50% used [0x00000000d5800000,0x00000000d5840000,0x00000000d5880000)
  to   space 512K, 0% used [0x00000000d5780000,0x00000000d5780000,0x00000000d5800000)
 ParOldGen       total 379392K, used 336325K [0x0000000080000000, 0x0000000097280000, 0x00000000d5580000)
  object space 379392K, 88% used [0x0000000080000000,0x0000000094871490,0x0000000097280000)
 Metaspace       used 78321K, committed 79872K, reserved 1179648K
  class space    used 7970K, committed 8640K, reserved 1048576K
}
Event: 1261.238 GC heap after
{Heap after GC invocations=775 (full 4):
 PSYoungGen      total 2048K, used 324K [0x00000000d5580000, 0x00000000d5880000, 0x0000000100000000)
  eden space 1536K, 0% used [0x00000000d5580000,0x00000000d5580000,0x00000000d5700000)
  from space 512K, 63% used [0x00000000d5780000,0x00000000d57d1360,0x00000000d5800000)
  to   space 512K, 0% used [0x00000000d5800000,0x00000000d5800000,0x00000000d5880000)
 ParOldGen       total 379392K, used 336381K [0x0000000080000000, 0x0000000097280000, 0x00000000d5580000)
  object space 379392K, 88% used [0x0000000080000000,0x000000009487f490,0x0000000097280000)
 Metaspace       used 78321K, committed 79872K, reserved 1179648K
  class space    used 7970K, committed 8640K, reserved 1048576K
}
Event: 1261.241 GC heap before
{Heap before GC invocations=776 (full 4):
 PSYoungGen      total 2048K, used 1860K [0x00000000d5580000, 0x00000000d5880000, 0x0000000100000000)
  eden space 1536K, 100% used [0x00000000d5580000,0x00000000d5700000,0x00000000d5700000)
  from space 512K, 63% used [0x00000000d5780000,0x00000000d57d1360,0x00000000d5800000)
  to   space 512K, 0% used [0x00000000d5800000,0x00000000d5800000,0x00000000d5880000)
 ParOldGen       total 379392K, used 336381K [0x0000000080000000, 0x0000000097280000, 0x00000000d5580000)
  object space 379392K, 88% used [0x0000000080000000,0x000000009487f490,0x0000000097280000)
 Metaspace       used 78321K, committed 79872K, reserved 1179648K
  class space    used 7970K, committed 8640K, reserved 1048576K
}
Event: 1261.242 GC heap after
{Heap after GC invocations=776 (full 4):
 PSYoungGen      total 2048K, used 320K [0x00000000d5580000, 0x00000000d5880000, 0x0000000100000000)
  eden space 1536K, 0% used [0x00000000d5580000,0x00000000d5580000,0x00000000d5700000)
  from space 512K, 62% used [0x00000000d5800000,0x00000000d5850000,0x00000000d5880000)
  to   space 512K, 0% used [0x00000000d5780000,0x00000000d5780000,0x00000000d5800000)
 ParOldGen       total 379392K, used 336574K [0x0000000080000000, 0x0000000097280000, 0x00000000d5580000)
  object space 379392K, 88% used [0x0000000080000000,0x00000000948afb50,0x0000000097280000)
 Metaspace       used 78321K, committed 79872K, reserved 1179648K
  class space    used 7970K, committed 8640K, reserved 1048576K
}
Event: 1261.246 GC heap before
{Heap before GC invocations=777 (full 4):
 PSYoungGen      total 2048K, used 1856K [0x00000000d5580000, 0x00000000d5880000, 0x0000000100000000)
  eden space 1536K, 100% used [0x00000000d5580000,0x00000000d5700000,0x00000000d5700000)
  from space 512K, 62% used [0x00000000d5800000,0x00000000d5850000,0x00000000d5880000)
  to   space 512K, 0% used [0x00000000d5780000,0x00000000d5780000,0x00000000d5800000)
 ParOldGen       total 379392K, used 336574K [0x0000000080000000, 0x0000000097280000, 0x00000000d5580000)
  object space 379392K, 88% used [0x0000000080000000,0x00000000948afb50,0x0000000097280000)
 Metaspace       used 78327K, committed 79872K, reserved 1179648K
  class space    used 7970K, committed 8640K, reserved 1048576K
}
Event: 1261.247 GC heap after
{Heap after GC invocations=777 (full 4):
 PSYoungGen      total 2048K, used 256K [0x00000000d5580000, 0x00000000d5880000, 0x0000000100000000)
  eden space 1536K, 0% used [0x00000000d5580000,0x00000000d5580000,0x00000000d5700000)
  from space 512K, 50% used [0x00000000d5780000,0x00000000d57c0000,0x00000000d5800000)
  to   space 512K, 0% used [0x00000000d5800000,0x00000000d5800000,0x00000000d5880000)
 ParOldGen       total 379392K, used 336622K [0x0000000080000000, 0x0000000097280000, 0x00000000d5580000)
  object space 379392K, 88% used [0x0000000080000000,0x00000000948bbb50,0x0000000097280000)
 Metaspace       used 78327K, committed 79872K, reserved 1179648K
  class space    used 7970K, committed 8640K, reserved 1048576K
}
Event: 1264.554 GC heap before
{Heap before GC invocations=778 (full 4):
 PSYoungGen      total 2048K, used 1792K [0x00000000d5580000, 0x00000000d5880000, 0x0000000100000000)
  eden space 1536K, 100% used [0x00000000d5580000,0x00000000d5700000,0x00000000d5700000)
  from space 512K, 50% used [0x00000000d5780000,0x00000000d57c0000,0x00000000d5800000)
  to   space 512K, 0% used [0x00000000d5800000,0x00000000d5800000,0x00000000d5880000)
 ParOldGen       total 379392K, used 336622K [0x0000000080000000, 0x0000000097280000, 0x00000000d5580000)
  object space 379392K, 88% used [0x0000000080000000,0x00000000948bbb50,0x0000000097280000)
 Metaspace       used 78331K, committed 79872K, reserved 1179648K
  class space    used 7970K, committed 8640K, reserved 1048576K
}
Event: 1264.555 GC heap after
{Heap after GC invocations=778 (full 4):
 PSYoungGen      total 2048K, used 260K [0x00000000d5580000, 0x00000000d5880000, 0x0000000100000000)
  eden space 1536K, 0% used [0x00000000d5580000,0x00000000d5580000,0x00000000d5700000)
  from space 512K, 50% used [0x00000000d5800000,0x00000000d5841360,0x00000000d5880000)
  to   space 512K, 0% used [0x00000000d5780000,0x00000000d5780000,0x00000000d5800000)
 ParOldGen       total 379392K, used 336662K [0x0000000080000000, 0x0000000097280000, 0x00000000d5580000)
  object space 379392K, 88% used [0x0000000080000000,0x00000000948c5b50,0x0000000097280000)
 Metaspace       used 78331K, committed 79872K, reserved 1179648K
  class space    used 7970K, committed 8640K, reserved 1048576K
}
Event: 1264.561 GC heap before
{Heap before GC invocations=779 (full 4):
 PSYoungGen      total 2048K, used 1796K [0x00000000d5580000, 0x00000000d5880000, 0x0000000100000000)
  eden space 1536K, 100% used [0x00000000d5580000,0x00000000d5700000,0x00000000d5700000)
  from space 512K, 50% used [0x00000000d5800000,0x00000000d5841360,0x00000000d5880000)
  to   space 512K, 0% used [0x00000000d5780000,0x00000000d5780000,0x00000000d5800000)
 ParOldGen       total 379392K, used 336662K [0x0000000080000000, 0x0000000097280000, 0x00000000d5580000)
  object space 379392K, 88% used [0x0000000080000000,0x00000000948c5b50,0x0000000097280000)
 Metaspace       used 78331K, committed 79872K, reserved 1179648K
  class space    used 7970K, committed 8640K, reserved 1048576K
}
Event: 1264.562 GC heap after
{Heap after GC invocations=779 (full 4):
 PSYoungGen      total 2048K, used 512K [0x00000000d5580000, 0x00000000d5900000, 0x0000000100000000)
  eden space 1536K, 0% used [0x00000000d5580000,0x00000000d5580000,0x00000000d5700000)
  from space 512K, 100% used [0x00000000d5780000,0x00000000d5800000,0x00000000d5800000)
  to   space 1024K, 0% used [0x00000000d5800000,0x00000000d5800000,0x00000000d5900000)
 ParOldGen       total 379392K, used 336898K [0x0000000080000000, 0x0000000097280000, 0x00000000d5580000)
  object space 379392K, 88% used [0x0000000080000000,0x0000000094900920,0x0000000097280000)
 Metaspace       used 78331K, committed 79872K, reserved 1179648K
  class space    used 7970K, committed 8640K, reserved 1048576K
}
Event: 1264.568 GC heap before
{Heap before GC invocations=780 (full 4):
 PSYoungGen      total 2048K, used 2048K [0x00000000d5580000, 0x00000000d5900000, 0x0000000100000000)
  eden space 1536K, 100% used [0x00000000d5580000,0x00000000d5700000,0x00000000d5700000)
  from space 512K, 100% used [0x00000000d5780000,0x00000000d5800000,0x00000000d5800000)
  to   space 1024K, 0% used [0x00000000d5800000,0x00000000d5800000,0x00000000d5900000)
 ParOldGen       total 379392K, used 336898K [0x0000000080000000, 0x0000000097280000, 0x00000000d5580000)
  object space 379392K, 88% used [0x0000000080000000,0x0000000094900920,0x0000000097280000)
 Metaspace       used 78331K, committed 79872K, reserved 1179648K
  class space    used 7970K, committed 8640K, reserved 1048576K
}
Event: 1264.569 GC heap after
{Heap after GC invocations=780 (full 4):
 PSYoungGen      total 2560K, used 788K [0x00000000d5580000, 0x00000000d5900000, 0x0000000100000000)
  eden space 1536K, 0% used [0x00000000d5580000,0x00000000d5580000,0x00000000d5700000)
  from space 1024K, 77% used [0x00000000d5800000,0x00000000d58c52c0,0x00000000d5900000)
  to   space 1024K, 0% used [0x00000000d5700000,0x00000000d5700000,0x00000000d5800000)
 ParOldGen       total 379392K, used 337418K [0x0000000080000000, 0x0000000097280000, 0x00000000d5580000)
  object space 379392K, 88% used [0x0000000080000000,0x0000000094982920,0x0000000097280000)
 Metaspace       used 78331K, committed 79872K, reserved 1179648K
  class space    used 7970K, committed 8640K, reserved 1048576K
}
Event: 1264.579 GC heap before
{Heap before GC invocations=781 (full 4):
 PSYoungGen      total 2560K, used 2324K [0x00000000d5580000, 0x00000000d5900000, 0x0000000100000000)
  eden space 1536K, 100% used [0x00000000d5580000,0x00000000d5700000,0x00000000d5700000)
  from space 1024K, 77% used [0x00000000d5800000,0x00000000d58c52c0,0x00000000d5900000)
  to   space 1024K, 0% used [0x00000000d5700000,0x00000000d5700000,0x00000000d5800000)
 ParOldGen       total 379392K, used 337418K [0x0000000080000000, 0x0000000097280000, 0x00000000d5580000)
  object space 379392K, 88% used [0x0000000080000000,0x0000000094982920,0x0000000097280000)
 Metaspace       used 78333K, committed 79872K, reserved 1179648K
  class space    used 7970K, committed 8640K, reserved 1048576K
}
Event: 1264.580 GC heap after
{Heap after GC invocations=781 (full 4):
 PSYoungGen      total 2560K, used 701K [0x00000000d5580000, 0x00000000d5900000, 0x0000000100000000)
  eden space 1536K, 0% used [0x00000000d5580000,0x00000000d5580000,0x00000000d5700000)
  from space 1024K, 68% used [0x00000000d5700000,0x00000000d57af760,0x00000000d5800000)
  to   space 1024K, 0% used [0x00000000d5800000,0x00000000d5800000,0x00000000d5900000)
 ParOldGen       total 379392K, used 338010K [0x0000000080000000, 0x0000000097280000, 0x00000000d5580000)
  object space 379392K, 89% used [0x0000000080000000,0x0000000094a16bf0,0x0000000097280000)
 Metaspace       used 78333K, committed 79872K, reserved 1179648K
  class space    used 7970K, committed 8640K, reserved 1048576K
}

Dll operation events (11 events):
Event: 0.011 Loaded shared library c:\Users\alumne-DAM\.vscode\extensions\redhat.java-1.50.0-win32-x64\jre\21.0.9-win32-x86_64\bin\java.dll
Event: 0.060 Loaded shared library c:\Users\alumne-DAM\.vscode\extensions\redhat.java-1.50.0-win32-x64\jre\21.0.9-win32-x86_64\bin\zip.dll
Event: 0.078 Loaded shared library C:\Users\alumne-DAM\.vscode\extensions\redhat.java-1.50.0-win32-x64\jre\21.0.9-win32-x86_64\bin\instrument.dll
Event: 0.083 Loaded shared library C:\Users\alumne-DAM\.vscode\extensions\redhat.java-1.50.0-win32-x64\jre\21.0.9-win32-x86_64\bin\net.dll
Event: 0.084 Loaded shared library C:\Users\alumne-DAM\.vscode\extensions\redhat.java-1.50.0-win32-x64\jre\21.0.9-win32-x86_64\bin\nio.dll
Event: 0.088 Loaded shared library C:\Users\alumne-DAM\.vscode\extensions\redhat.java-1.50.0-win32-x64\jre\21.0.9-win32-x86_64\bin\zip.dll
Event: 0.100 Loaded shared library C:\Users\alumne-DAM\.vscode\extensions\redhat.java-1.50.0-win32-x64\jre\21.0.9-win32-x86_64\bin\jimage.dll
Event: 0.154 Loaded shared library c:\Users\alumne-DAM\.vscode\extensions\redhat.java-1.50.0-win32-x64\jre\21.0.9-win32-x86_64\bin\verify.dll
Event: 0.992 Loaded shared library C:\Users\alumne-DAM\AppData\Roaming\Code\User\globalStorage\redhat.java\1.50.0\config_win\org.eclipse.equinox.launcher\org.eclipse.equinox.launcher.win32.win32.x86_64_1.2.1400.v20250801-0854\eclipse_11916.dll
Event: 2.354 Loaded shared library C:\Users\alumne-DAM\AppData\Local\Temp\jna--570604515\jna2609130514411720183.dll
Event: 33.837 Loaded shared library C:\Users\alumne-DAM\.vscode\extensions\redhat.java-1.50.0-win32-x64\jre\21.0.9-win32-x86_64\bin\extnet.dll

Deoptimization events (20 events):
Event: 1248.876 Thread 0x0000011b77c98b50 Uncommon trap: trap_request=0xffffff45 fr.pc=0x0000011b624f4fb4 relative=0x0000000000000f54
Event: 1248.876 Thread 0x0000011b77c98b50 Uncommon trap: reason=unstable_if action=reinterpret pc=0x0000011b624f4fb4 method=org.eclipse.jdt.ls.core.internal.filesystem.JLSFsUtils.isProjectMetadataFile(Lorg/eclipse/core/runtime/IPath;)Z @ 64 c2
Event: 1248.876 Thread 0x0000011b77c98b50 DEOPT PACKING pc=0x0000011b624f4fb4 sp=0x00000004324feb40
Event: 1248.876 Thread 0x0000011b77c98b50 DEOPT UNPACKING pc=0x0000011b61ce6da2 sp=0x00000004324fea88 mode 2
Event: 1248.876 Thread 0x0000011b77c98b50 Uncommon trap: trap_request=0xffffffde fr.pc=0x0000011b62da0b88 relative=0x00000000000005a8
Event: 1248.876 Thread 0x0000011b77c98b50 Uncommon trap: reason=class_check action=maybe_recompile pc=0x0000011b62da0b88 method=java.io.InputStream.read([BII)I @ 15 c2
Event: 1248.876 Thread 0x0000011b77c98b50 DEOPT PACKING pc=0x0000011b62da0b88 sp=0x00000004324feb70
Event: 1248.876 Thread 0x0000011b77c98b50 DEOPT UNPACKING pc=0x0000011b61ce6da2 sp=0x00000004324feb08 mode 2
Event: 1248.877 Thread 0x0000011b77c98b50 Uncommon trap: trap_request=0xffffffde fr.pc=0x0000011b62da0b88 relative=0x00000000000005a8
Event: 1248.877 Thread 0x0000011b77c98b50 Uncommon trap: reason=class_check action=maybe_recompile pc=0x0000011b62da0b88 method=java.io.InputStream.read([BII)I @ 15 c2
Event: 1248.877 Thread 0x0000011b77c98b50 DEOPT PACKING pc=0x0000011b62da0b88 sp=0x00000004324feb70
Event: 1248.877 Thread 0x0000011b77c98b50 DEOPT UNPACKING pc=0x0000011b61ce6da2 sp=0x00000004324feb08 mode 2
Event: 1259.827 Thread 0x0000011b77c97110 Uncommon trap: trap_request=0xffffffd6 fr.pc=0x0000011b6333f888 relative=0x0000000000001588
Event: 1259.827 Thread 0x0000011b77c97110 Uncommon trap: reason=array_check action=maybe_recompile pc=0x0000011b6333f888 method=java.util.TimSort.mergeHi(IIII)V @ 657 c2
Event: 1259.827 Thread 0x0000011b77c97110 DEOPT PACKING pc=0x0000011b6333f888 sp=0x00000004303fd910
Event: 1259.827 Thread 0x0000011b77c97110 DEOPT UNPACKING pc=0x0000011b61ce6da2 sp=0x00000004303fd8e8 mode 2
Event: 1259.827 Thread 0x0000011b77c97110 Uncommon trap: trap_request=0xffffffd6 fr.pc=0x0000011b6333f888 relative=0x0000000000001588
Event: 1259.827 Thread 0x0000011b77c97110 Uncommon trap: reason=array_check action=maybe_recompile pc=0x0000011b6333f888 method=java.util.TimSort.mergeHi(IIII)V @ 657 c2
Event: 1259.827 Thread 0x0000011b77c97110 DEOPT PACKING pc=0x0000011b6333f888 sp=0x00000004303fd910
Event: 1259.827 Thread 0x0000011b77c97110 DEOPT UNPACKING pc=0x0000011b61ce6da2 sp=0x00000004303fd8e8 mode 2

Classes loaded (20 events):
Event: 1248.850 Loading class java/util/stream/Nodes$CollectorTask$OfRef
Event: 1248.850 Loading class java/util/stream/Nodes$CollectorTask
Event: 1248.850 Loading class java/util/stream/Nodes$CollectorTask done
Event: 1248.850 Loading class java/util/stream/Nodes$CollectorTask$OfRef done
Event: 1248.853 Loading class java/util/function/LongFunction
Event: 1248.853 Loading class java/util/function/LongFunction done
Event: 1248.853 Loading class java/util/stream/Nodes$ConcNode
Event: 1248.853 Loading class java/util/stream/Nodes$AbstractConcNode
Event: 1248.853 Loading class java/util/stream/Nodes$AbstractConcNode done
Event: 1248.853 Loading class java/util/stream/Nodes$ConcNode done
Event: 1248.853 Loading class java/util/stream/Nodes$ToArrayTask$OfRef
Event: 1248.854 Loading class java/util/stream/Nodes$ToArrayTask
Event: 1248.854 Loading class java/util/stream/Nodes$ToArrayTask done
Event: 1248.854 Loading class java/util/stream/Nodes$ToArrayTask$OfRef done
Event: 1248.855 Loading class java/io/ObjectOutputStream$BlockDataOutputStream
Event: 1248.855 Loading class java/io/ObjectOutputStream$BlockDataOutputStream done
Event: 1248.855 Loading class java/io/ObjectOutputStream$HandleTable
Event: 1248.855 Loading class java/io/ObjectOutputStream$HandleTable done
Event: 1248.855 Loading class java/io/ObjectOutputStream$ReplaceTable
Event: 1248.855 Loading class java/io/ObjectOutputStream$ReplaceTable done

Classes unloaded (7 events):
Event: 2.828 Thread 0x0000011b6dff2fb0 Unloading class 0x0000011b011a8c00 'java/lang/invoke/LambdaForm$MH+0x0000011b011a8c00'
Event: 2.828 Thread 0x0000011b6dff2fb0 Unloading class 0x0000011b011a8800 'java/lang/invoke/LambdaForm$MH+0x0000011b011a8800'
Event: 2.828 Thread 0x0000011b6dff2fb0 Unloading class 0x0000011b011a8400 'java/lang/invoke/LambdaForm$MH+0x0000011b011a8400'
Event: 2.828 Thread 0x0000011b6dff2fb0 Unloading class 0x0000011b011a8000 'java/lang/invoke/LambdaForm$MH+0x0000011b011a8000'
Event: 2.828 Thread 0x0000011b6dff2fb0 Unloading class 0x0000011b011a7c00 'java/lang/invoke/LambdaForm$BMH+0x0000011b011a7c00'
Event: 2.828 Thread 0x0000011b6dff2fb0 Unloading class 0x0000011b011a7800 'java/lang/invoke/LambdaForm$DMH+0x0000011b011a7800'
Event: 2.828 Thread 0x0000011b6dff2fb0 Unloading class 0x0000011b011a6400 'java/lang/invoke/LambdaForm$DMH+0x0000011b011a6400'

Classes redefined (0 events):
No events

Internal exceptions (20 events):
Event: 1138.005 Thread 0x0000011b755c9cf0 Exception <a 'sun/nio/fs/WindowsException'{0x00000000d5877078}> (0x00000000d5877078) 
thrown [s\src\hotspot\share\prims\jni.cpp, line 520]
Event: 1138.093 Thread 0x0000011b755c9cf0 Exception <a 'sun/nio/fs/WindowsException'{0x00000000d5671658}> (0x00000000d5671658) 
thrown [s\src\hotspot\share\prims\jni.cpp, line 520]
Event: 1247.683 Thread 0x0000011b77c97110 Exception <a 'sun/nio/fs/WindowsException'{0x00000000d567ccd8}> (0x00000000d567ccd8) 
thrown [s\src\hotspot\share\prims\jni.cpp, line 520]
Event: 1247.683 Thread 0x0000011b77c97110 Exception <a 'sun/nio/fs/WindowsException'{0x00000000d567d3f0}> (0x00000000d567d3f0) 
thrown [s\src\hotspot\share\prims\jni.cpp, line 520]
Event: 1247.683 Thread 0x0000011b77c97110 Exception <a 'sun/nio/fs/WindowsException'{0x00000000d567e548}> (0x00000000d567e548) 
thrown [s\src\hotspot\share\prims\jni.cpp, line 520]
Event: 1247.684 Thread 0x0000011b77c97110 Exception <a 'sun/nio/fs/WindowsException'{0x00000000d567ef10}> (0x00000000d567ef10) 
thrown [s\src\hotspot\share\prims\jni.cpp, line 520]
Event: 1247.684 Thread 0x0000011b77c97110 Exception <a 'sun/nio/fs/WindowsException'{0x00000000d5680758}> (0x00000000d5680758) 
thrown [s\src\hotspot\share\prims\jni.cpp, line 520]
Event: 1247.684 Thread 0x0000011b77c97110 Exception <a 'sun/nio/fs/WindowsException'{0x00000000d5680e70}> (0x00000000d5680e70) 
thrown [s\src\hotspot\share\prims\jni.cpp, line 520]
Event: 1247.684 Thread 0x0000011b77c97110 Exception <a 'sun/nio/fs/WindowsException'{0x00000000d5681d58}> (0x00000000d5681d58) 
thrown [s\src\hotspot\share\prims\jni.cpp, line 520]
Event: 1247.684 Thread 0x0000011b77c97110 Exception <a 'sun/nio/fs/WindowsException'{0x00000000d5682470}> (0x00000000d5682470) 
thrown [s\src\hotspot\share\prims\jni.cpp, line 520]
Event: 1248.848 Thread 0x0000011b77c98b50 Implicit null exception at 0x0000011b62b28d06 to 0x0000011b62b28fdc
Event: 1248.870 Thread 0x0000011b77c98b50 Exception <a 'java/lang/NoSuchMethodError'{0x00000000d55a3a00}: 'java.lang.Object java.lang.invoke.DirectMethodHandle$Holder.newInvokeSpecial(java.lang.Object, java.lang.Object, java.lang.Object, java.lang.Object, java.lang.Object, java.lang.Object, java.lang.Object, java.lang.Object)'> (0x00000000d55a3a00) 
thrown [s\src\hotspot\share\interpreter\linkResolver.cpp, line 773]
Event: 1268.977 Thread 0x0000011b77c97110 Exception <a 'sun/nio/fs/WindowsException'{0x00000000d5649c80}> (0x00000000d5649c80) 
thrown [s\src\hotspot\share\prims\jni.cpp, line 520]
Event: 1268.978 Thread 0x0000011b77c97110 Exception <a 'sun/nio/fs/WindowsException'{0x00000000d564a398}> (0x00000000d564a398) 
thrown [s\src\hotspot\share\prims\jni.cpp, line 520]
Event: 1268.978 Thread 0x0000011b77c97110 Exception <a 'sun/nio/fs/WindowsException'{0x00000000d564b528}> (0x00000000d564b528) 
thrown [s\src\hotspot\share\prims\jni.cpp, line 520]
Event: 1268.978 Thread 0x0000011b77c97110 Exception <a 'sun/nio/fs/WindowsException'{0x00000000d564bef0}> (0x00000000d564bef0) 
thrown [s\src\hotspot\share\prims\jni.cpp, line 520]
Event: 1268.978 Thread 0x0000011b77c97110 Exception <a 'sun/nio/fs/WindowsException'{0x00000000d564d738}> (0x00000000d564d738) 
thrown [s\src\hotspot\share\prims\jni.cpp, line 520]
Event: 1268.978 Thread 0x0000011b77c97110 Exception <a 'sun/nio/fs/WindowsException'{0x00000000d564de50}> (0x00000000d564de50) 
thrown [s\src\hotspot\share\prims\jni.cpp, line 520]
Event: 1268.978 Thread 0x0000011b77c97110 Exception <a 'sun/nio/fs/WindowsException'{0x00000000d564ed38}> (0x00000000d564ed38) 
thrown [s\src\hotspot\share\prims\jni.cpp, line 520]
Event: 1268.978 Thread 0x0000011b77c97110 Exception <a 'sun/nio/fs/WindowsException'{0x00000000d564f450}> (0x00000000d564f450) 
thrown [s\src\hotspot\share\prims\jni.cpp, line 520]

ZGC Phase Switch (0 events):
No events

VM Operations (20 events):
Event: 1261.241 Executing VM operation: ParallelGCFailedAllocation (Allocation Failure)
Event: 1261.242 Executing VM operation: ParallelGCFailedAllocation (Allocation Failure) done
Event: 1261.246 Executing VM operation: ParallelGCFailedAllocation (Allocation Failure)
Event: 1261.247 Executing VM operation: ParallelGCFailedAllocation (Allocation Failure) done
Event: 1262.303 Executing VM operation: HandshakeAllThreads (HandshakeForDeflation)
Event: 1262.303 Executing VM operation: HandshakeAllThreads (HandshakeForDeflation) done
Event: 1262.303 Executing VM operation: RendezvousGCThreads
Event: 1262.303 Executing VM operation: RendezvousGCThreads done
Event: 1264.554 Executing VM operation: ParallelGCFailedAllocation (Allocation Failure)
Event: 1264.555 Executing VM operation: ParallelGCFailedAllocation (Allocation Failure) done
Event: 1264.561 Executing VM operation: ParallelGCFailedAllocation (Allocation Failure)
Event: 1264.562 Executing VM operation: ParallelGCFailedAllocation (Allocation Failure) done
Event: 1264.568 Executing VM operation: ParallelGCFailedAllocation (Allocation Failure)
Event: 1264.569 Executing VM operation: ParallelGCFailedAllocation (Allocation Failure) done
Event: 1264.579 Executing VM operation: ParallelGCFailedAllocation (Allocation Failure)
Event: 1264.580 Executing VM operation: ParallelGCFailedAllocation (Allocation Failure) done
Event: 1265.592 Executing VM operation: Cleanup
Event: 1265.592 Executing VM operation: Cleanup done
Event: 1269.615 Executing VM operation: Cleanup
Event: 1269.615 Executing VM operation: Cleanup done

Memory protections (0 events):
No events

Nmethod flushes (20 events):
Event: 1001.995 Thread 0x0000011b6dff2fb0 flushing  nmethod 0x0000011b5b5ef990
Event: 1001.995 Thread 0x0000011b6dff2fb0 flushing  nmethod 0x0000011b5b5f1c10
Event: 1001.995 Thread 0x0000011b6dff2fb0 flushing  nmethod 0x0000011b5b5f5190
Event: 1001.995 Thread 0x0000011b6dff2fb0 flushing  nmethod 0x0000011b5b5fbe90
Event: 1001.995 Thread 0x0000011b6dff2fb0 flushing  nmethod 0x0000011b5b609990
Event: 1001.995 Thread 0x0000011b6dff2fb0 flushing  nmethod 0x0000011b5b624890
Event: 1001.995 Thread 0x0000011b6dff2fb0 flushing  nmethod 0x0000011b5b625310
Event: 1001.995 Thread 0x0000011b6dff2fb0 flushing  nmethod 0x0000011b5b629410
Event: 1001.995 Thread 0x0000011b6dff2fb0 flushing  nmethod 0x0000011b5b629a10
Event: 1001.995 Thread 0x0000011b6dff2fb0 flushing  nmethod 0x0000011b5b62a090
Event: 1001.995 Thread 0x0000011b6dff2fb0 flushing  nmethod 0x0000011b5b62a610
Event: 1001.995 Thread 0x0000011b6dff2fb0 flushing  nmethod 0x0000011b5b641110
Event: 1001.995 Thread 0x0000011b6dff2fb0 flushing  nmethod 0x0000011b5b641490
Event: 1001.995 Thread 0x0000011b6dff2fb0 flushing  nmethod 0x0000011b5b64ba90
Event: 1001.995 Thread 0x0000011b6dff2fb0 flushing  nmethod 0x0000011b5b689010
Event: 1001.995 Thread 0x0000011b6dff2fb0 flushing  nmethod 0x0000011b5b6c7710
Event: 1001.995 Thread 0x0000011b6dff2fb0 flushing  nmethod 0x0000011b5b6e8610
Event: 1001.995 Thread 0x0000011b6dff2fb0 flushing  nmethod 0x0000011b5b72f990
Event: 1001.995 Thread 0x0000011b6dff2fb0 flushing  nmethod 0x0000011b5b752290
Event: 1001.995 Thread 0x0000011b6dff2fb0 flushing  nmethod 0x0000011b5b7f6810

Events (20 events):
Event: 1248.853 Thread 0x0000011b77c99f00 Thread added: 0x0000011b7995a110
Event: 1248.854 Thread 0x0000011b77c99f00 Thread exited: 0x0000011b77c99f00
Event: 1248.854 Thread 0x0000011b7995a110 Thread exited: 0x0000011b7995a110
Event: 1248.857 Thread 0x0000011b77c98b50 Thread added: 0x0000011b7995a110
Event: 1248.859 Thread 0x0000011b7995a110 Thread exited: 0x0000011b7995a110
Event: 1249.841 Thread 0x0000011b77bf9f30 Thread exited: 0x0000011b77bf9f30
Event: 1258.472 Thread 0x0000011b74029900 Thread added: 0x0000011b79c3ce40
Event: 1258.472 Thread 0x0000011b74029900 Thread added: 0x0000011b79c40b90
Event: 1259.818 Thread 0x0000011b79c3ce40 Thread exited: 0x0000011b79c3ce40
Event: 1259.818 Thread 0x0000011b79c40b90 Thread exited: 0x0000011b79c40b90
Event: 1260.921 Thread 0x0000011b74029900 Thread added: 0x0000011b79c3ce40
Event: 1261.143 Thread 0x0000011b79c3ce40 Thread exited: 0x0000011b79c3ce40
Event: 1261.161 Thread 0x0000011b74024300 Thread added: 0x0000011b79c3ce40
Event: 1264.553 Thread 0x0000011b79c3ce40 Thread exited: 0x0000011b79c3ce40
Event: 1267.694 Thread 0x0000011b77bf84f0 Thread exited: 0x0000011b77bf84f0
Event: 1268.989 Thread 0x0000011b77bfb2e0 Thread added: 0x0000011b7995a110
Event: 1268.991 Thread 0x0000011b7995a110 Thread added: 0x0000011b77bf84f0
Event: 1269.203 Thread 0x0000011b77bfb2e0 Thread added: 0x0000011b77bf9f30
Event: 1269.203 Thread 0x0000011b77bf84f0 Thread exited: 0x0000011b77bf84f0
Event: 1269.349 Thread 0x0000011b77bf9f30 Thread exited: 0x0000011b77bf9f30


Dynamic libraries:
0x00007ff7033f0000 - 0x00007ff7033fe000 	c:\Users\alumne-DAM\.vscode\extensions\redhat.java-1.50.0-win32-x64\jre\21.0.9-win32-x86_64\bin\java.exe
0x00007ffe83d40000 - 0x00007ffe83fa8000 	C:\WINDOWS\SYSTEM32\ntdll.dll
0x00007ffe835a0000 - 0x00007ffe83669000 	C:\WINDOWS\System32\KERNEL32.DLL
0x00007ffe814b0000 - 0x00007ffe818a8000 	C:\WINDOWS\System32\KERNELBASE.dll
0x00007ffe811a0000 - 0x00007ffe812eb000 	C:\WINDOWS\System32\ucrtbase.dll
0x00007ffe59a70000 - 0x00007ffe59a88000 	c:\Users\alumne-DAM\.vscode\extensions\redhat.java-1.50.0-win32-x64\jre\21.0.9-win32-x86_64\bin\jli.dll
0x00007ffe59900000 - 0x00007ffe5991e000 	c:\Users\alumne-DAM\.vscode\extensions\redhat.java-1.50.0-win32-x64\jre\21.0.9-win32-x86_64\bin\VCRUNTIME140.dll
0x00007ffe83980000 - 0x00007ffe83b47000 	C:\WINDOWS\System32\USER32.dll
0x00007ffe81000000 - 0x00007ffe81027000 	C:\WINDOWS\System32\win32u.dll
0x00007ffe6e690000 - 0x00007ffe6e924000 	C:\WINDOWS\WinSxS\amd64_microsoft.windows.common-controls_6595b64144ccf1df_6.0.26100.7019_none_3e06ffa0e335b8a8\COMCTL32.dll
0x00007ffe83b60000 - 0x00007ffe83b8b000 	C:\WINDOWS\System32\GDI32.dll
0x00007ffe82510000 - 0x00007ffe825b9000 	C:\WINDOWS\System32\msvcrt.dll
0x00007ffe812f0000 - 0x00007ffe8141c000 	C:\WINDOWS\System32\gdi32full.dll
0x00007ffe80f50000 - 0x00007ffe80ff3000 	C:\WINDOWS\System32\msvcp_win.dll
0x00007ffe825c0000 - 0x00007ffe825f1000 	C:\WINDOWS\System32\IMM32.DLL
0x00007ffe66780000 - 0x00007ffe6678c000 	c:\Users\alumne-DAM\.vscode\extensions\redhat.java-1.50.0-win32-x64\jre\21.0.9-win32-x86_64\bin\vcruntime140_1.dll
0x00007ffe37fc0000 - 0x00007ffe3804d000 	c:\Users\alumne-DAM\.vscode\extensions\redhat.java-1.50.0-win32-x64\jre\21.0.9-win32-x86_64\bin\msvcp140.dll
0x00007ffe30bc0000 - 0x00007ffe31960000 	c:\Users\alumne-DAM\.vscode\extensions\redhat.java-1.50.0-win32-x64\jre\21.0.9-win32-x86_64\bin\server\jvm.dll
0x00007ffe82220000 - 0x00007ffe822d4000 	C:\WINDOWS\System32\ADVAPI32.dll
0x00007ffe83c50000 - 0x00007ffe83cf6000 	C:\WINDOWS\System32\sechost.dll
0x00007ffe83700000 - 0x00007ffe83818000 	C:\WINDOWS\System32\RPCRT4.dll
0x00007ffe83670000 - 0x00007ffe836e4000 	C:\WINDOWS\System32\WS2_32.dll
0x00007ffe80cf0000 - 0x00007ffe80d4e000 	C:\WINDOWS\SYSTEM32\POWRPROF.dll
0x00007ffe7b200000 - 0x00007ffe7b20b000 	C:\WINDOWS\SYSTEM32\VERSION.dll
0x00007ffe6ea20000 - 0x00007ffe6ea55000 	C:\WINDOWS\SYSTEM32\WINMM.dll
0x00007ffe80cd0000 - 0x00007ffe80ce4000 	C:\WINDOWS\SYSTEM32\UMPDC.dll
0x00007ffe7fc10000 - 0x00007ffe7fc2b000 	C:\WINDOWS\SYSTEM32\kernel.appcore.dll
0x00007ffe663a0000 - 0x00007ffe663aa000 	c:\Users\alumne-DAM\.vscode\extensions\redhat.java-1.50.0-win32-x64\jre\21.0.9-win32-x86_64\bin\jimage.dll
0x00007ffe6f5b0000 - 0x00007ffe6f7f2000 	C:\WINDOWS\SYSTEM32\DBGHELP.DLL
0x00007ffe83030000 - 0x00007ffe833bb000 	C:\WINDOWS\System32\combase.dll
0x00007ffe82630000 - 0x00007ffe82707000 	C:\WINDOWS\System32\OLEAUT32.dll
0x00007ffe6acb0000 - 0x00007ffe6acec000 	C:\WINDOWS\SYSTEM32\dbgcore.DLL
0x00007ffe818b0000 - 0x00007ffe81955000 	C:\WINDOWS\System32\bcryptPrimitives.dll
0x00007ffe62420000 - 0x00007ffe6242f000 	c:\Users\alumne-DAM\.vscode\extensions\redhat.java-1.50.0-win32-x64\jre\21.0.9-win32-x86_64\bin\instrument.dll
0x00007ffe598e0000 - 0x00007ffe59900000 	c:\Users\alumne-DAM\.vscode\extensions\redhat.java-1.50.0-win32-x64\jre\21.0.9-win32-x86_64\bin\java.dll
0x00007ffe82710000 - 0x00007ffe82e5f000 	C:\WINDOWS\System32\SHELL32.dll
0x00007ffe81030000 - 0x00007ffe8119b000 	C:\WINDOWS\System32\wintypes.dll
0x00007ffe7ea90000 - 0x00007ffe7f2ed000 	C:\WINDOWS\SYSTEM32\windows.storage.dll
0x00007ffe83880000 - 0x00007ffe83972000 	C:\WINDOWS\System32\SHCORE.dll
0x00007ffe81ae0000 - 0x00007ffe81b47000 	C:\WINDOWS\System32\shlwapi.dll
0x00007ffe80db0000 - 0x00007ffe80dd9000 	C:\WINDOWS\SYSTEM32\profapi.dll
0x00007ffe52bf0000 - 0x00007ffe52c08000 	c:\Users\alumne-DAM\.vscode\extensions\redhat.java-1.50.0-win32-x64\jre\21.0.9-win32-x86_64\bin\zip.dll
0x00007ffe616d0000 - 0x00007ffe616e0000 	C:\Users\alumne-DAM\.vscode\extensions\redhat.java-1.50.0-win32-x64\jre\21.0.9-win32-x86_64\bin\net.dll
0x00007ffe7ad60000 - 0x00007ffe7ae88000 	C:\WINDOWS\SYSTEM32\WINHTTP.dll
0x00007ffe80160000 - 0x00007ffe801cb000 	C:\WINDOWS\system32\mswsock.dll
0x00007ffe50cd0000 - 0x00007ffe50ce6000 	C:\Users\alumne-DAM\.vscode\extensions\redhat.java-1.50.0-win32-x64\jre\21.0.9-win32-x86_64\bin\nio.dll
0x00007ffe61270000 - 0x00007ffe61280000 	c:\Users\alumne-DAM\.vscode\extensions\redhat.java-1.50.0-win32-x64\jre\21.0.9-win32-x86_64\bin\verify.dll
0x00007ffe37f70000 - 0x00007ffe37fb4000 	C:\Users\alumne-DAM\AppData\Roaming\Code\User\globalStorage\redhat.java\1.50.0\config_win\org.eclipse.equinox.launcher\org.eclipse.equinox.launcher.win32.win32.x86_64_1.2.1400.v20250801-0854\eclipse_11916.dll
0x00007ffe81b70000 - 0x00007ffe81d07000 	C:\WINDOWS\System32\ole32.dll
0x00007ffe80550000 - 0x00007ffe8056b000 	C:\WINDOWS\SYSTEM32\CRYPTSP.dll
0x00007ffe7fb70000 - 0x00007ffe7fbaa000 	C:\WINDOWS\system32\rsaenh.dll
0x00007ffe80210000 - 0x00007ffe8023b000 	C:\WINDOWS\SYSTEM32\USERENV.dll
0x00007ffe80d80000 - 0x00007ffe80daa000 	C:\WINDOWS\SYSTEM32\bcrypt.dll
0x00007ffe803b0000 - 0x00007ffe803bc000 	C:\WINDOWS\SYSTEM32\CRYPTBASE.dll
0x00007ffe7f600000 - 0x00007ffe7f634000 	C:\WINDOWS\SYSTEM32\IPHLPAPI.DLL
0x00007ffe81b50000 - 0x00007ffe81b5a000 	C:\WINDOWS\System32\NSI.dll
0x00007ffe370c0000 - 0x00007ffe37109000 	C:\Users\alumne-DAM\AppData\Local\Temp\jna--570604515\jna2609130514411720183.dll
0x00007ffe83b50000 - 0x00007ffe83b58000 	C:\WINDOWS\System32\PSAPI.DLL
0x00007ffe7ab60000 - 0x00007ffe7ab7e000 	C:\WINDOWS\SYSTEM32\dhcpcsvc6.DLL
0x00007ffe7ab30000 - 0x00007ffe7ab53000 	C:\WINDOWS\SYSTEM32\dhcpcsvc.DLL
0x00007ffe6fa80000 - 0x00007ffe6fa89000 	C:\Users\alumne-DAM\.vscode\extensions\redhat.java-1.50.0-win32-x64\jre\21.0.9-win32-x86_64\bin\extnet.dll
0x00007ffe7fd30000 - 0x00007ffe7fd66000 	C:\WINDOWS\SYSTEM32\ntmarta.dll

JVMTI agents:
c:\Users\alumne-DAM\.vscode\extensions\redhat.java-1.50.0-win32-x64\lombok\lombok-1.18.39-4050.jar path:c:\Users\alumne-DAM\.vscode\extensions\redhat.java-1.50.0-win32-x64\jre\21.0.9-win32-x86_64\bin\instrument.dll, loaded, initialized, instrumentlib options:none

dbghelp: loaded successfully - version: 4.0.5 - missing functions: none
symbol engine: initialized successfully - sym options: 0x614 - pdb path: .;c:\Users\alumne-DAM\.vscode\extensions\redhat.java-1.50.0-win32-x64\jre\21.0.9-win32-x86_64\bin;C:\WINDOWS\SYSTEM32;C:\WINDOWS\WinSxS\amd64_microsoft.windows.common-controls_6595b64144ccf1df_6.0.26100.7019_none_3e06ffa0e335b8a8;c:\Users\alumne-DAM\.vscode\extensions\redhat.java-1.50.0-win32-x64\jre\21.0.9-win32-x86_64\bin\server;C:\Users\alumne-DAM\AppData\Roaming\Code\User\globalStorage\redhat.java\1.50.0\config_win\org.eclipse.equinox.launcher\org.eclipse.equinox.launcher.win32.win32.x86_64_1.2.1400.v20250801-0854;C:\Users\alumne-DAM\AppData\Local\Temp\jna--570604515

VM Arguments:
jvm_args: --add-modules=ALL-SYSTEM --add-opens=java.base/java.util=ALL-UNNAMED --add-opens=java.base/java.lang=ALL-UNNAMED --add-opens=java.base/sun.nio.fs=ALL-UNNAMED -Declipse.application=org.eclipse.jdt.ls.core.id1 -Dosgi.bundles.defaultStartLevel=4 -Declipse.product=org.eclipse.jdt.ls.core.product -Djava.import.generatesMetadataFilesAtProjectRoot=false -DDetectVMInstallationsJob.disabled=true -Dfile.encoding=utf8 -XX:+UseParallelGC -XX:GCTimeRatio=4 -XX:AdaptiveSizePolicyWeight=90 -Dsun.zip.disableMemoryMapping=true -Xmx2G -Xms100m -Xlog:disable -javaagent:c:\Users\alumne-DAM\.vscode\extensions\redhat.java-1.50.0-win32-x64\lombok\lombok-1.18.39-4050.jar -XX:+HeapDumpOnOutOfMemoryError -XX:HeapDumpPath=c:\Users\alumne-DAM\AppData\Roaming\Code\User\workspaceStorage\c4a14e446006deb12c7bf8cf97e42a9b\redhat.java -Daether.dependencyCollector.impl=bf 
java_command: c:\Users\alumne-DAM\.vscode\extensions\redhat.java-1.50.0-win32-x64\server\plugins\org.eclipse.equinox.launcher_1.7.100.v20251111-0406.jar -configuration c:\Users\alumne-DAM\AppData\Roaming\Code\User\globalStorage\redhat.java\1.50.0\config_win -data c:\Users\alumne-DAM\AppData\Roaming\Code\User\workspaceStorage\c4a14e446006deb12c7bf8cf97e42a9b\redhat.java\jdt_ws --pipe=\\.\pipe\lsp-863ab131dbcbea8b2c67f711a0829c06-sock
java_class_path (initial): c:\Users\alumne-DAM\.vscode\extensions\redhat.java-1.50.0-win32-x64\server\plugins\org.eclipse.equinox.launcher_1.7.100.v20251111-0406.jar
Launcher Type: SUN_STANDARD

[Global flags]
    uintx AdaptiveSizePolicyWeight                 = 90                                        {product} {command line}
     intx CICompilerCount                          = 4                                         {product} {ergonomic}
    uintx GCTimeRatio                              = 4                                         {product} {command line}
     bool HeapDumpOnOutOfMemoryError               = true                                   {manageable} {command line}
    ccstr HeapDumpPath                             = c:\Users\alumne-DAM\AppData\Roaming\Code\User\workspaceStorage\c4a14e446006deb12c7bf8cf97e42a9b\redhat.java         {manageable} {command line}
   size_t InitialHeapSize                          = 104857600                                 {product} {command line}
   size_t MaxHeapSize                              = 2147483648                                {product} {command line}
   size_t MaxNewSize                               = 715653120                                 {product} {ergonomic}
   size_t MinHeapDeltaBytes                        = 524288                                    {product} {ergonomic}
   size_t MinHeapSize                              = 104857600                                 {product} {command line}
   size_t NewSize                                  = 34603008                                  {product} {ergonomic}
    uintx NonNMethodCodeHeapSize                   = 5839372                                {pd product} {ergonomic}
    uintx NonProfiledCodeHeapSize                  = 122909434                              {pd product} {ergonomic}
   size_t OldSize                                  = 70254592                                  {product} {ergonomic}
    uintx ProfiledCodeHeapSize                     = 122909434                              {pd product} {ergonomic}
    uintx ReservedCodeCacheSize                    = 251658240                              {pd product} {ergonomic}
     bool SegmentedCodeCache                       = true                                      {product} {ergonomic}
   size_t SoftMaxHeapSize                          = 2147483648                             {manageable} {ergonomic}
     bool UseCompressedOops                        = true                           {product lp64_product} {ergonomic}
     bool UseLargePagesIndividualAllocation        = false                                  {pd product} {ergonomic}
     bool UseParallelGC                            = true                                      {product} {command line}

Logging:
Log output configuration:
 #0: stdout all=off uptime,level,tags foldmultilines=false
 #1: stderr all=off uptime,level,tags foldmultilines=false

Release file:
JAVA_VERSION="21.0.9" 
MODULES="java.base java.compiler java.datatransfer java.xml java.prefs java.desktop java.instrument java.logging java.management java.security.sasl java.naming java.rmi java.management.rmi java.net.http java.scripting java.security.jgss java.transaction.xa java.sql java.sql.rowset java.xml.crypto java.se java.smartcardio jdk.accessibility jdk.internal.jvmstat jdk.attach jdk.charsets jdk.internal.opt jdk.zipfs jdk.compiler jdk.crypto.ec jdk.crypto.cryptoki jdk.crypto.mscapi jdk.dynalink jdk.internal.ed jdk.editpad jdk.hotspot.agent jdk.httpserver jdk.internal.le jdk.internal.vm.ci jdk.internal.vm.compiler jdk.internal.vm.compiler.management jdk.jartool jdk.javadoc jdk.jcmd jdk.management jdk.management.agent jdk.jconsole jdk.jdeps jdk.jdwp.agent jdk.jdi jdk.jfr jdk.jshell jdk.jsobject jdk.jstatd jdk.localedata jdk.management.jfr jdk.naming.dns jdk.naming.rmi jdk.net jdk.nio.mapmode jdk.random jdk.sctp jdk.security.auth jdk.security.jgss jdk.unsupported jdk.unsupported.desktop jdk.xml.dom" 

Environment Variables:
JAVA_HOME=C:\Program Files\Eclipse Adoptium\jdk-17.0.16.8-hotspot\
PATH=C:\Program Files\Common Files\Oracle\Java\javapath;C:\Program Files\Eclipse Adoptium\jdk-17.0.16.8-hotspot\bin;C:\WINDOWS\system32;C:\WINDOWS;C:\WINDOWS\System32\Wbem;C:\WINDOWS\System32\WindowsPowerShell\v1.0\;C:\WINDOWS\System32\OpenSSH\;C:\Program Files\dotnet\;C:\WINDOWS\system32\config\systemprofile\AppData\Local\Muse Hub\lib;;C:\Program Files\Docker\Docker\resources\bin;C:\Users\alumne-DAM\AppData\Local\Microsoft\WindowsApps;C:\Users\alumne-DAM\AppData\Local\Programs\Microsoft VS Code\bin;
USERNAME=alumne-DAM
OS=Windows_NT
PROCESSOR_IDENTIFIER=Intel64 Family 6 Model 167 Stepping 1, GenuineIntel
TMP=C:\Users\ALUMNE~1\AppData\Local\Temp
TEMP=C:\Users\ALUMNE~1\AppData\Local\Temp




Periodic native trim disabled

---------------  S Y S T E M  ---------------

OS:
 Windows 11 , 64 bit Build 26100 (10.0.26100.7019)
OS uptime: 0 days 23:50 hours
Hyper-V role detected

CPU: total 12 (initial active 12) (6 cores per cpu, 2 threads per core) family 6 model 167 stepping 1 microcode 0x40, cx8, cmov, fxsr, ht, mmx, 3dnowpref, sse, sse2, sse3, ssse3, sse4.1, sse4.2, popcnt, lzcnt, tsc, tscinvbit, avx, avx2, aes, erms, clmul, bmi1, bmi2, adx, avx512f, avx512dq, avx512cd, avx512bw, avx512vl, sha, fma, vzeroupper, avx512_vpopcntdq, avx512_vpclmulqdq, avx512_vaes, avx512_vnni, clflush, clflushopt, avx512_vbmi2, avx512_vbmi, hv, rdtscp, rdpid, fsrm, gfni, avx512_bitalg, f16c, avx512_ifma
Processor Information for the first 12 processors :
  Max Mhz: 2592, Current Mhz: 2592, Mhz Limit: 2592

Memory: 4k page, system-wide physical 16181M (4857M free)
TotalPageFile size 65333M (AvailPageFile size 4M)
current process WorkingSet (physical memory assigned to process): 664M, peak: 689M
current process commit charge ("private bytes"): 720M, peak: 750M

vm_info: OpenJDK 64-Bit Server VM (21.0.9+10-LTS) for windows-amd64 JRE (21.0.9+10-LTS), built on 2025-10-21T00:00:00Z by "admin" with unknown MS VC++:1942

END.
